<?xml version="1.0" encoding="UTF-8"?>
<testsuite name="sample.HelloTest" tests="1" skipped="0" failures="0" errors="0" timestamp="2014-06-29T16:45:14" hostname="PC-8260" time="0.014">
  <properties/>
  <testcase name="test" classname="sample.HelloTest" time="0.014"/>
  <system-out><![CDATA[]]></system-out>
  <system-err><![CDATA[]]></system-err>
</testsuite>
